{"/custom_poll/custom_modules/ndrf/index.js":{"path":"/custom_poll/custom_modules/ndrf/index.js","s":{"1":1,"2":1,"3":1,"4":10,"5":10,"6":10,"7":10,"8":1,"9":9,"10":1,"11":8,"12":8,"13":8,"14":8,"15":8,"16":8,"17":0,"18":8,"19":8,"20":8,"21":8,"22":18,"23":8,"24":1,"25":4,"26":1,"27":1,"28":1,"29":18,"30":18,"31":18,"32":18,"33":18,"34":18,"35":18,"36":10,"37":8,"38":8,"39":1,"40":10,"41":10,"42":8,"43":8,"44":8,"45":8,"46":8,"47":8,"48":8,"49":0,"50":8,"51":3,"52":3,"53":0,"54":0,"55":8,"56":3,"57":8,"58":0,"59":8,"60":10,"61":10,"62":8,"63":1,"64":1,"65":1,"66":1,"67":1,"68":10,"69":10,"70":8,"71":3,"72":1,"73":2,"74":1,"75":1,"76":1,"77":1,"78":1,"79":5,"80":5,"81":5,"82":5,"83":8,"84":1,"85":1,"86":1,"87":1,"88":1,"89":1,"90":1},"b":{"1":[1,9],"2":[1,8],"3":[8,7],"4":[8,8],"5":[18,13],"6":[18,18],"7":[10,8],"8":[18,17,17],"9":[8,8],"10":[8,8],"11":[8,8],"12":[8,8],"13":[0,8],"14":[3,0],"15":[0,0],"16":[1,2],"17":[5,5],"18":[5,5],"19":[1,0],"20":[1,0,1],"21":[1,0,0]},"f":{"1":10,"2":8,"3":8,"4":18,"5":1,"6":4,"7":1,"8":1,"9":1,"10":18,"11":18,"12":10,"13":3,"14":3,"15":0,"16":10,"17":1,"18":1,"19":1,"20":1,"21":1,"22":10,"23":3,"24":1,"25":1,"26":1,"27":1,"28":1,"29":5,"30":1},"fnMap":{"1":{"name":"apiManager","line":4,"loc":{"start":{"line":4,"column":0},"end":{"line":4,"column":48}}},"2":{"name":"(anonymous_2)","line":17,"loc":{"start":{"line":17,"column":18},"end":{"line":17,"column":34}}},"3":{"name":"(anonymous_3)","line":27,"loc":{"start":{"line":27,"column":21},"end":{"line":27,"column":57}}},"4":{"name":"(anonymous_4)","line":33,"loc":{"start":{"line":33,"column":19},"end":{"line":33,"column":35}}},"5":{"name":"(anonymous_5)","line":38,"loc":{"start":{"line":38,"column":7},"end":{"line":38,"column":42}}},"6":{"name":"(anonymous_6)","line":41,"loc":{"start":{"line":41,"column":8},"end":{"line":41,"column":49}}},"7":{"name":"(anonymous_7)","line":44,"loc":{"start":{"line":44,"column":7},"end":{"line":44,"column":48}}},"8":{"name":"(anonymous_8)","line":47,"loc":{"start":{"line":47,"column":9},"end":{"line":47,"column":50}}},"9":{"name":"(anonymous_9)","line":50,"loc":{"start":{"line":50,"column":10},"end":{"line":50,"column":51}}},"10":{"name":"(anonymous_10)","line":53,"loc":{"start":{"line":53,"column":8},"end":{"line":53,"column":57}}},"11":{"name":"(anonymous_11)","line":61,"loc":{"start":{"line":61,"column":28},"end":{"line":61,"column":54}}},"12":{"name":"djangoRestFrameworkManager","line":72,"loc":{"start":{"line":72,"column":0},"end":{"line":72,"column":64}}},"13":{"name":"(anonymous_13)","line":90,"loc":{"start":{"line":90,"column":18},"end":{"line":90,"column":49}}},"14":{"name":"(anonymous_14)","line":99,"loc":{"start":{"line":99,"column":23},"end":{"line":99,"column":63}}},"15":{"name":"(anonymous_15)","line":103,"loc":{"start":{"line":103,"column":25},"end":{"line":103,"column":56}}},"16":{"name":"(anonymous_16)","line":108,"loc":{"start":{"line":108,"column":23},"end":{"line":108,"column":39}}},"17":{"name":"(anonymous_17)","line":115,"loc":{"start":{"line":115,"column":7},"end":{"line":115,"column":45}}},"18":{"name":"(anonymous_18)","line":118,"loc":{"start":{"line":118,"column":8},"end":{"line":118,"column":52}}},"19":{"name":"(anonymous_19)","line":121,"loc":{"start":{"line":121,"column":7},"end":{"line":121,"column":51}}},"20":{"name":"(anonymous_20)","line":124,"loc":{"start":{"line":124,"column":9},"end":{"line":124,"column":53}}},"21":{"name":"(anonymous_21)","line":127,"loc":{"start":{"line":127,"column":10},"end":{"line":127,"column":54}}},"22":{"name":"(anonymous_22)","line":130,"loc":{"start":{"line":130,"column":8},"end":{"line":130,"column":60}}},"23":{"name":"(anonymous_23)","line":137,"loc":{"start":{"line":137,"column":21},"end":{"line":137,"column":42}}},"24":{"name":"(anonymous_24)","line":142,"loc":{"start":{"line":142,"column":8},"end":{"line":142,"column":43}}},"25":{"name":"(anonymous_25)","line":145,"loc":{"start":{"line":145,"column":9},"end":{"line":145,"column":50}}},"26":{"name":"(anonymous_26)","line":148,"loc":{"start":{"line":148,"column":8},"end":{"line":148,"column":49}}},"27":{"name":"(anonymous_27)","line":151,"loc":{"start":{"line":151,"column":10},"end":{"line":151,"column":51}}},"28":{"name":"(anonymous_28)","line":154,"loc":{"start":{"line":154,"column":11},"end":{"line":154,"column":52}}},"29":{"name":"(anonymous_29)","line":157,"loc":{"start":{"line":157,"column":9},"end":{"line":157,"column":58}}},"30":{"name":"djangoRestFrameworkApiMiddleware","line":170,"loc":{"start":{"line":170,"column":0},"end":{"line":170,"column":67}}}},"statementMap":{"1":{"start":{"line":1,"column":0},"end":{"line":1,"column":26}},"2":{"start":{"line":2,"column":0},"end":{"line":2,"column":32}},"3":{"start":{"line":4,"column":0},"end":{"line":70,"column":1}},"4":{"start":{"line":5,"column":1},"end":{"line":5,"column":14}},"5":{"start":{"line":6,"column":1},"end":{"line":6,"column":25}},"6":{"start":{"line":7,"column":1},"end":{"line":7,"column":21}},"7":{"start":{"line":9,"column":1},"end":{"line":9,"column":70}},"8":{"start":{"line":9,"column":19},"end":{"line":9,"column":70}},"9":{"start":{"line":10,"column":1},"end":{"line":10,"column":66}},"10":{"start":{"line":10,"column":17},"end":{"line":10,"column":66}},"11":{"start":{"line":12,"column":1},"end":{"line":12,"column":29}},"12":{"start":{"line":13,"column":1},"end":{"line":13,"column":36}},"13":{"start":{"line":15,"column":1},"end":{"line":15,"column":76}},"14":{"start":{"line":17,"column":1},"end":{"line":25,"column":2}},"15":{"start":{"line":18,"column":2},"end":{"line":24,"column":3}},"16":{"start":{"line":19,"column":3},"end":{"line":19,"column":26}},"17":{"start":{"line":22,"column":3},"end":{"line":22,"column":14}},"18":{"start":{"line":27,"column":1},"end":{"line":31,"column":2}},"19":{"start":{"line":28,"column":2},"end":{"line":28,"column":39}},"20":{"start":{"line":30,"column":2},"end":{"line":30,"column":38}},"21":{"start":{"line":33,"column":1},"end":{"line":35,"column":2}},"22":{"start":{"line":34,"column":2},"end":{"line":34,"column":24}},"23":{"start":{"line":37,"column":1},"end":{"line":67,"column":2}},"24":{"start":{"line":39,"column":3},"end":{"line":39,"column":63}},"25":{"start":{"line":42,"column":3},"end":{"line":42,"column":59}},"26":{"start":{"line":45,"column":3},"end":{"line":45,"column":58}},"27":{"start":{"line":48,"column":3},"end":{"line":48,"column":60}},"28":{"start":{"line":51,"column":3},"end":{"line":51,"column":61}},"29":{"start":{"line":54,"column":3},"end":{"line":54,"column":26}},"30":{"start":{"line":55,"column":3},"end":{"line":55,"column":34}},"31":{"start":{"line":56,"column":3},"end":{"line":56,"column":22}},"32":{"start":{"line":58,"column":3},"end":{"line":58,"column":38}},"33":{"start":{"line":59,"column":3},"end":{"line":59,"column":22}},"34":{"start":{"line":61,"column":3},"end":{"line":65,"column":5}},"35":{"start":{"line":62,"column":5},"end":{"line":62,"column":65}},"36":{"start":{"line":62,"column":34},"end":{"line":62,"column":65}},"37":{"start":{"line":64,"column":5},"end":{"line":64,"column":48}},"38":{"start":{"line":69,"column":1},"end":{"line":69,"column":12}},"39":{"start":{"line":72,"column":0},"end":{"line":168,"column":1}},"40":{"start":{"line":74,"column":1},"end":{"line":74,"column":14}},"41":{"start":{"line":76,"column":1},"end":{"line":76,"column":56}},"42":{"start":{"line":77,"column":1},"end":{"line":77,"column":39}},"43":{"start":{"line":80,"column":1},"end":{"line":80,"column":62}},"44":{"start":{"line":81,"column":1},"end":{"line":81,"column":46}},"45":{"start":{"line":84,"column":1},"end":{"line":84,"column":15}},"46":{"start":{"line":85,"column":1},"end":{"line":85,"column":58}},"47":{"start":{"line":86,"column":1},"end":{"line":86,"column":75}},"48":{"start":{"line":88,"column":1},"end":{"line":88,"column":122}},"49":{"start":{"line":88,"column":51},"end":{"line":88,"column":122}},"50":{"start":{"line":90,"column":1},"end":{"line":97,"column":2}},"51":{"start":{"line":91,"column":2},"end":{"line":96,"column":3}},"52":{"start":{"line":92,"column":3},"end":{"line":92,"column":50}},"53":{"start":{"line":94,"column":7},"end":{"line":96,"column":3}},"54":{"start":{"line":95,"column":3},"end":{"line":95,"column":52}},"55":{"start":{"line":99,"column":1},"end":{"line":101,"column":2}},"56":{"start":{"line":100,"column":2},"end":{"line":100,"column":76}},"57":{"start":{"line":103,"column":1},"end":{"line":105,"column":2}},"58":{"start":{"line":104,"column":2},"end":{"line":104,"column":148}},"59":{"start":{"line":108,"column":1},"end":{"line":112,"column":2}},"60":{"start":{"line":109,"column":2},"end":{"line":109,"column":39}},"61":{"start":{"line":111,"column":2},"end":{"line":111,"column":41}},"62":{"start":{"line":114,"column":1},"end":{"line":135,"column":2}},"63":{"start":{"line":116,"column":3},"end":{"line":116,"column":66}},"64":{"start":{"line":119,"column":3},"end":{"line":119,"column":62}},"65":{"start":{"line":122,"column":3},"end":{"line":122,"column":61}},"66":{"start":{"line":125,"column":3},"end":{"line":125,"column":63}},"67":{"start":{"line":128,"column":3},"end":{"line":128,"column":64}},"68":{"start":{"line":131,"column":3},"end":{"line":131,"column":49}},"69":{"start":{"line":133,"column":3},"end":{"line":133,"column":77}},"70":{"start":{"line":137,"column":1},"end":{"line":165,"column":2}},"71":{"start":{"line":138,"column":2},"end":{"line":138,"column":63}},"72":{"start":{"line":138,"column":21},"end":{"line":138,"column":63}},"73":{"start":{"line":140,"column":2},"end":{"line":164,"column":3}},"74":{"start":{"line":143,"column":4},"end":{"line":143,"column":56}},"75":{"start":{"line":146,"column":4},"end":{"line":146,"column":52}},"76":{"start":{"line":149,"column":4},"end":{"line":149,"column":51}},"77":{"start":{"line":152,"column":4},"end":{"line":152,"column":53}},"78":{"start":{"line":155,"column":4},"end":{"line":155,"column":54}},"79":{"start":{"line":158,"column":4},"end":{"line":158,"column":27}},"80":{"start":{"line":159,"column":4},"end":{"line":159,"column":43}},"81":{"start":{"line":160,"column":4},"end":{"line":160,"column":64}},"82":{"start":{"line":162,"column":4},"end":{"line":162,"column":60}},"83":{"start":{"line":167,"column":1},"end":{"line":167,"column":12}},"84":{"start":{"line":170,"column":0},"end":{"line":178,"column":1}},"85":{"start":{"line":171,"column":1},"end":{"line":171,"column":24}},"86":{"start":{"line":172,"column":1},"end":{"line":172,"column":47}},"87":{"start":{"line":173,"column":1},"end":{"line":173,"column":66}},"88":{"start":{"line":175,"column":1},"end":{"line":175,"column":68}},"89":{"start":{"line":177,"column":1},"end":{"line":177,"column":7}},"90":{"start":{"line":180,"column":0},"end":{"line":183,"column":1}}},"branchMap":{"1":{"line":9,"type":"if","locations":[{"start":{"line":9,"column":1},"end":{"line":9,"column":1}},{"start":{"line":9,"column":1},"end":{"line":9,"column":1}}]},"2":{"line":10,"type":"if","locations":[{"start":{"line":10,"column":1},"end":{"line":10,"column":1}},{"start":{"line":10,"column":1},"end":{"line":10,"column":1}}]},"3":{"line":12,"type":"binary-expr","locations":[{"start":{"line":12,"column":16},"end":{"line":12,"column":23}},{"start":{"line":12,"column":27},"end":{"line":12,"column":29}}]},"4":{"line":13,"type":"binary-expr","locations":[{"start":{"line":13,"column":13},"end":{"line":13,"column":30}},{"start":{"line":13,"column":34},"end":{"line":13,"column":36}}]},"5":{"line":54,"type":"binary-expr","locations":[{"start":{"line":54,"column":13},"end":{"line":54,"column":20}},{"start":{"line":54,"column":24},"end":{"line":54,"column":26}}]},"6":{"line":55,"type":"binary-expr","locations":[{"start":{"line":55,"column":14},"end":{"line":55,"column":26}},{"start":{"line":55,"column":30},"end":{"line":55,"column":34}}]},"7":{"line":62,"type":"if","locations":[{"start":{"line":62,"column":5},"end":{"line":62,"column":5}},{"start":{"line":62,"column":5},"end":{"line":62,"column":5}}]},"8":{"line":62,"type":"binary-expr","locations":[{"start":{"line":62,"column":9},"end":{"line":62,"column":12}},{"start":{"line":62,"column":16},"end":{"line":62,"column":22}},{"start":{"line":62,"column":26},"end":{"line":62,"column":32}}]},"9":{"line":80,"type":"binary-expr","locations":[{"start":{"line":80,"column":18},"end":{"line":80,"column":40}},{"start":{"line":80,"column":44},"end":{"line":80,"column":62}}]},"10":{"line":81,"type":"binary-expr","locations":[{"start":{"line":81,"column":16},"end":{"line":81,"column":36}},{"start":{"line":81,"column":40},"end":{"line":81,"column":46}}]},"11":{"line":85,"type":"binary-expr","locations":[{"start":{"line":85,"column":25},"end":{"line":85,"column":49}},{"start":{"line":85,"column":53},"end":{"line":85,"column":58}}]},"12":{"line":86,"type":"binary-expr","locations":[{"start":{"line":86,"column":23},"end":{"line":86,"column":45}},{"start":{"line":86,"column":49},"end":{"line":86,"column":75}}]},"13":{"line":88,"type":"if","locations":[{"start":{"line":88,"column":1},"end":{"line":88,"column":1}},{"start":{"line":88,"column":1},"end":{"line":88,"column":1}}]},"14":{"line":91,"type":"if","locations":[{"start":{"line":91,"column":2},"end":{"line":91,"column":2}},{"start":{"line":91,"column":2},"end":{"line":91,"column":2}}]},"15":{"line":94,"type":"if","locations":[{"start":{"line":94,"column":7},"end":{"line":94,"column":7}},{"start":{"line":94,"column":7},"end":{"line":94,"column":7}}]},"16":{"line":138,"type":"if","locations":[{"start":{"line":138,"column":2},"end":{"line":138,"column":2}},{"start":{"line":138,"column":2},"end":{"line":138,"column":2}}]},"17":{"line":158,"type":"binary-expr","locations":[{"start":{"line":158,"column":14},"end":{"line":158,"column":21}},{"start":{"line":158,"column":25},"end":{"line":158,"column":27}}]},"18":{"line":159,"type":"binary-expr","locations":[{"start":{"line":159,"column":22},"end":{"line":159,"column":37}},{"start":{"line":159,"column":41},"end":{"line":159,"column":43}}]},"19":{"line":171,"type":"binary-expr","locations":[{"start":{"line":171,"column":11},"end":{"line":171,"column":18}},{"start":{"line":171,"column":22},"end":{"line":171,"column":24}}]},"20":{"line":172,"type":"binary-expr","locations":[{"start":{"line":172,"column":16},"end":{"line":172,"column":26}},{"start":{"line":172,"column":30},"end":{"line":172,"column":37}},{"start":{"line":172,"column":41},"end":{"line":172,"column":47}}]},"21":{"line":173,"type":"binary-expr","locations":[{"start":{"line":173,"column":14},"end":{"line":173,"column":26}},{"start":{"line":173,"column":30},"end":{"line":173,"column":45}},{"start":{"line":173,"column":49},"end":{"line":173,"column":66}}]}}}}