{"/custom_poll/custom_modules/ndrf/index.js":{"path":"/custom_poll/custom_modules/ndrf/index.js","s":{"1":1,"2":1,"3":1,"4":9,"5":9,"6":9,"7":9,"8":1,"9":8,"10":1,"11":7,"12":7,"13":7,"14":7,"15":6,"16":7,"17":6,"18":6,"19":7,"20":13,"21":7,"22":1,"23":4,"24":1,"25":1,"26":1,"27":13,"28":13,"29":13,"30":13,"31":7,"32":6,"33":7,"34":1,"35":9,"36":9,"37":7,"38":7,"39":7,"40":7,"41":7,"42":7,"43":7,"44":0,"45":7,"46":3,"47":3,"48":0,"49":0,"50":7,"51":3,"52":7,"53":0,"54":7,"55":5,"56":7,"57":1,"58":1,"59":1,"60":1,"61":1,"62":5,"63":5,"64":7,"65":1,"66":1,"67":1,"68":1,"69":1,"70":1,"71":1},"b":{"1":[1,8],"2":[1,7],"3":[7,6],"4":[7,7],"5":[13,13],"6":[7,6],"7":[13,12,12],"8":[7,7],"9":[7,7],"10":[7,7],"11":[7,7],"12":[0,7],"13":[3,0],"14":[0,0],"15":[1,0],"16":[1,0,1],"17":[1,0,0]},"f":{"1":9,"2":6,"3":6,"4":13,"5":1,"6":4,"7":1,"8":1,"9":1,"10":13,"11":13,"12":9,"13":3,"14":3,"15":0,"16":5,"17":1,"18":1,"19":1,"20":1,"21":1,"22":5,"23":1},"fnMap":{"1":{"name":"apiManager","line":4,"loc":{"start":{"line":4,"column":0},"end":{"line":4,"column":48}}},"2":{"name":"(anonymous_2)","line":17,"loc":{"start":{"line":17,"column":18},"end":{"line":17,"column":34}}},"3":{"name":"(anonymous_3)","line":21,"loc":{"start":{"line":21,"column":21},"end":{"line":21,"column":57}}},"4":{"name":"(anonymous_4)","line":27,"loc":{"start":{"line":27,"column":19},"end":{"line":27,"column":35}}},"5":{"name":"(anonymous_5)","line":32,"loc":{"start":{"line":32,"column":7},"end":{"line":32,"column":39}}},"6":{"name":"(anonymous_6)","line":35,"loc":{"start":{"line":35,"column":8},"end":{"line":35,"column":46}}},"7":{"name":"(anonymous_7)","line":38,"loc":{"start":{"line":38,"column":7},"end":{"line":38,"column":45}}},"8":{"name":"(anonymous_8)","line":41,"loc":{"start":{"line":41,"column":9},"end":{"line":41,"column":47}}},"9":{"name":"(anonymous_9)","line":44,"loc":{"start":{"line":44,"column":10},"end":{"line":44,"column":48}}},"10":{"name":"(anonymous_10)","line":47,"loc":{"start":{"line":47,"column":8},"end":{"line":47,"column":54}}},"11":{"name":"(anonymous_11)","line":51,"loc":{"start":{"line":51,"column":45},"end":{"line":51,"column":71}}},"12":{"name":"djangoRestFrameworkManager","line":62,"loc":{"start":{"line":62,"column":0},"end":{"line":62,"column":64}}},"13":{"name":"(anonymous_13)","line":80,"loc":{"start":{"line":80,"column":18},"end":{"line":80,"column":49}}},"14":{"name":"(anonymous_14)","line":89,"loc":{"start":{"line":89,"column":23},"end":{"line":89,"column":54}}},"15":{"name":"(anonymous_15)","line":93,"loc":{"start":{"line":93,"column":25},"end":{"line":93,"column":56}}},"16":{"name":"(anonymous_16)","line":98,"loc":{"start":{"line":98,"column":23},"end":{"line":98,"column":39}}},"17":{"name":"(anonymous_17)","line":103,"loc":{"start":{"line":103,"column":7},"end":{"line":103,"column":42}}},"18":{"name":"(anonymous_18)","line":106,"loc":{"start":{"line":106,"column":8},"end":{"line":106,"column":49}}},"19":{"name":"(anonymous_19)","line":109,"loc":{"start":{"line":109,"column":7},"end":{"line":109,"column":48}}},"20":{"name":"(anonymous_20)","line":112,"loc":{"start":{"line":112,"column":9},"end":{"line":112,"column":50}}},"21":{"name":"(anonymous_21)","line":115,"loc":{"start":{"line":115,"column":10},"end":{"line":115,"column":51}}},"22":{"name":"(anonymous_22)","line":118,"loc":{"start":{"line":118,"column":8},"end":{"line":118,"column":57}}},"23":{"name":"djangoRestFrameworkApiMiddleware","line":128,"loc":{"start":{"line":128,"column":0},"end":{"line":128,"column":67}}}},"statementMap":{"1":{"start":{"line":1,"column":0},"end":{"line":1,"column":26}},"2":{"start":{"line":2,"column":0},"end":{"line":2,"column":32}},"3":{"start":{"line":4,"column":0},"end":{"line":60,"column":1}},"4":{"start":{"line":5,"column":1},"end":{"line":5,"column":14}},"5":{"start":{"line":6,"column":1},"end":{"line":6,"column":25}},"6":{"start":{"line":7,"column":1},"end":{"line":7,"column":21}},"7":{"start":{"line":9,"column":1},"end":{"line":9,"column":70}},"8":{"start":{"line":9,"column":19},"end":{"line":9,"column":70}},"9":{"start":{"line":10,"column":1},"end":{"line":10,"column":66}},"10":{"start":{"line":10,"column":17},"end":{"line":10,"column":66}},"11":{"start":{"line":12,"column":1},"end":{"line":12,"column":29}},"12":{"start":{"line":13,"column":1},"end":{"line":13,"column":36}},"13":{"start":{"line":15,"column":1},"end":{"line":15,"column":76}},"14":{"start":{"line":17,"column":1},"end":{"line":19,"column":2}},"15":{"start":{"line":18,"column":2},"end":{"line":18,"column":25}},"16":{"start":{"line":21,"column":1},"end":{"line":25,"column":2}},"17":{"start":{"line":22,"column":2},"end":{"line":22,"column":39}},"18":{"start":{"line":24,"column":2},"end":{"line":24,"column":38}},"19":{"start":{"line":27,"column":1},"end":{"line":29,"column":2}},"20":{"start":{"line":28,"column":2},"end":{"line":28,"column":24}},"21":{"start":{"line":31,"column":1},"end":{"line":57,"column":2}},"22":{"start":{"line":33,"column":3},"end":{"line":33,"column":60}},"23":{"start":{"line":36,"column":3},"end":{"line":36,"column":56}},"24":{"start":{"line":39,"column":3},"end":{"line":39,"column":55}},"25":{"start":{"line":42,"column":3},"end":{"line":42,"column":57}},"26":{"start":{"line":45,"column":3},"end":{"line":45,"column":58}},"27":{"start":{"line":48,"column":3},"end":{"line":48,"column":22}},"28":{"start":{"line":49,"column":3},"end":{"line":49,"column":34}},"29":{"start":{"line":51,"column":3},"end":{"line":55,"column":5}},"30":{"start":{"line":52,"column":5},"end":{"line":52,"column":65}},"31":{"start":{"line":52,"column":34},"end":{"line":52,"column":65}},"32":{"start":{"line":54,"column":5},"end":{"line":54,"column":48}},"33":{"start":{"line":59,"column":1},"end":{"line":59,"column":12}},"34":{"start":{"line":62,"column":0},"end":{"line":126,"column":1}},"35":{"start":{"line":64,"column":1},"end":{"line":64,"column":14}},"36":{"start":{"line":66,"column":1},"end":{"line":66,"column":56}},"37":{"start":{"line":67,"column":1},"end":{"line":67,"column":39}},"38":{"start":{"line":70,"column":1},"end":{"line":70,"column":67}},"39":{"start":{"line":71,"column":1},"end":{"line":71,"column":51}},"40":{"start":{"line":74,"column":1},"end":{"line":74,"column":15}},"41":{"start":{"line":75,"column":1},"end":{"line":75,"column":58}},"42":{"start":{"line":76,"column":1},"end":{"line":76,"column":75}},"43":{"start":{"line":78,"column":1},"end":{"line":78,"column":122}},"44":{"start":{"line":78,"column":51},"end":{"line":78,"column":122}},"45":{"start":{"line":80,"column":1},"end":{"line":87,"column":2}},"46":{"start":{"line":81,"column":2},"end":{"line":86,"column":3}},"47":{"start":{"line":82,"column":3},"end":{"line":82,"column":50}},"48":{"start":{"line":84,"column":7},"end":{"line":86,"column":3}},"49":{"start":{"line":85,"column":3},"end":{"line":85,"column":52}},"50":{"start":{"line":89,"column":1},"end":{"line":91,"column":2}},"51":{"start":{"line":90,"column":2},"end":{"line":90,"column":70}},"52":{"start":{"line":93,"column":1},"end":{"line":95,"column":2}},"53":{"start":{"line":94,"column":2},"end":{"line":94,"column":148}},"54":{"start":{"line":98,"column":1},"end":{"line":100,"column":2}},"55":{"start":{"line":99,"column":2},"end":{"line":99,"column":28}},"56":{"start":{"line":102,"column":1},"end":{"line":123,"column":2}},"57":{"start":{"line":104,"column":3},"end":{"line":104,"column":63}},"58":{"start":{"line":107,"column":3},"end":{"line":107,"column":59}},"59":{"start":{"line":110,"column":3},"end":{"line":110,"column":58}},"60":{"start":{"line":113,"column":3},"end":{"line":113,"column":60}},"61":{"start":{"line":116,"column":3},"end":{"line":116,"column":61}},"62":{"start":{"line":119,"column":3},"end":{"line":119,"column":49}},"63":{"start":{"line":121,"column":3},"end":{"line":121,"column":74}},"64":{"start":{"line":125,"column":1},"end":{"line":125,"column":12}},"65":{"start":{"line":128,"column":0},"end":{"line":136,"column":1}},"66":{"start":{"line":129,"column":1},"end":{"line":129,"column":24}},"67":{"start":{"line":130,"column":1},"end":{"line":130,"column":47}},"68":{"start":{"line":131,"column":1},"end":{"line":131,"column":66}},"69":{"start":{"line":133,"column":1},"end":{"line":133,"column":68}},"70":{"start":{"line":135,"column":1},"end":{"line":135,"column":7}},"71":{"start":{"line":138,"column":0},"end":{"line":141,"column":1}}},"branchMap":{"1":{"line":9,"type":"if","locations":[{"start":{"line":9,"column":1},"end":{"line":9,"column":1}},{"start":{"line":9,"column":1},"end":{"line":9,"column":1}}]},"2":{"line":10,"type":"if","locations":[{"start":{"line":10,"column":1},"end":{"line":10,"column":1}},{"start":{"line":10,"column":1},"end":{"line":10,"column":1}}]},"3":{"line":12,"type":"binary-expr","locations":[{"start":{"line":12,"column":16},"end":{"line":12,"column":23}},{"start":{"line":12,"column":27},"end":{"line":12,"column":29}}]},"4":{"line":13,"type":"binary-expr","locations":[{"start":{"line":13,"column":13},"end":{"line":13,"column":30}},{"start":{"line":13,"column":34},"end":{"line":13,"column":36}}]},"5":{"line":48,"type":"binary-expr","locations":[{"start":{"line":48,"column":10},"end":{"line":48,"column":14}},{"start":{"line":48,"column":18},"end":{"line":48,"column":22}}]},"6":{"line":52,"type":"if","locations":[{"start":{"line":52,"column":5},"end":{"line":52,"column":5}},{"start":{"line":52,"column":5},"end":{"line":52,"column":5}}]},"7":{"line":52,"type":"binary-expr","locations":[{"start":{"line":52,"column":9},"end":{"line":52,"column":12}},{"start":{"line":52,"column":16},"end":{"line":52,"column":22}},{"start":{"line":52,"column":26},"end":{"line":52,"column":32}}]},"8":{"line":70,"type":"binary-expr","locations":[{"start":{"line":70,"column":21},"end":{"line":70,"column":46}},{"start":{"line":70,"column":50},"end":{"line":70,"column":67}}]},"9":{"line":71,"type":"binary-expr","locations":[{"start":{"line":71,"column":16},"end":{"line":71,"column":41}},{"start":{"line":71,"column":45},"end":{"line":71,"column":51}}]},"10":{"line":75,"type":"binary-expr","locations":[{"start":{"line":75,"column":25},"end":{"line":75,"column":49}},{"start":{"line":75,"column":53},"end":{"line":75,"column":58}}]},"11":{"line":76,"type":"binary-expr","locations":[{"start":{"line":76,"column":23},"end":{"line":76,"column":45}},{"start":{"line":76,"column":49},"end":{"line":76,"column":75}}]},"12":{"line":78,"type":"if","locations":[{"start":{"line":78,"column":1},"end":{"line":78,"column":1}},{"start":{"line":78,"column":1},"end":{"line":78,"column":1}}]},"13":{"line":81,"type":"if","locations":[{"start":{"line":81,"column":2},"end":{"line":81,"column":2}},{"start":{"line":81,"column":2},"end":{"line":81,"column":2}}]},"14":{"line":84,"type":"if","locations":[{"start":{"line":84,"column":7},"end":{"line":84,"column":7}},{"start":{"line":84,"column":7},"end":{"line":84,"column":7}}]},"15":{"line":129,"type":"binary-expr","locations":[{"start":{"line":129,"column":11},"end":{"line":129,"column":18}},{"start":{"line":129,"column":22},"end":{"line":129,"column":24}}]},"16":{"line":130,"type":"binary-expr","locations":[{"start":{"line":130,"column":16},"end":{"line":130,"column":26}},{"start":{"line":130,"column":30},"end":{"line":130,"column":37}},{"start":{"line":130,"column":41},"end":{"line":130,"column":47}}]},"17":{"line":131,"type":"binary-expr","locations":[{"start":{"line":131,"column":14},"end":{"line":131,"column":26}},{"start":{"line":131,"column":30},"end":{"line":131,"column":47}},{"start":{"line":131,"column":51},"end":{"line":131,"column":66}}]}}}}