TN:
SF:/custom_poll/custom_modules/ndrf/index.js
FN:4,apiManager
FN:17,(anonymous_2)
FN:21,(anonymous_3)
FN:27,(anonymous_4)
FN:32,(anonymous_5)
FN:35,(anonymous_6)
FN:38,(anonymous_7)
FN:41,(anonymous_8)
FN:44,(anonymous_9)
FN:47,(anonymous_10)
FN:51,(anonymous_11)
FN:62,djangoRestFrameworkManager
FN:80,(anonymous_13)
FN:89,(anonymous_14)
FN:93,(anonymous_15)
FN:98,(anonymous_16)
FN:103,(anonymous_17)
FN:106,(anonymous_18)
FN:109,(anonymous_19)
FN:112,(anonymous_20)
FN:115,(anonymous_21)
FN:118,(anonymous_22)
FN:128,djangoRestFrameworkApiMiddleware
FNF:23
FNH:22
FNDA:9,apiManager
FNDA:6,(anonymous_2)
FNDA:6,(anonymous_3)
FNDA:13,(anonymous_4)
FNDA:1,(anonymous_5)
FNDA:4,(anonymous_6)
FNDA:1,(anonymous_7)
FNDA:1,(anonymous_8)
FNDA:1,(anonymous_9)
FNDA:13,(anonymous_10)
FNDA:13,(anonymous_11)
FNDA:9,djangoRestFrameworkManager
FNDA:3,(anonymous_13)
FNDA:3,(anonymous_14)
FNDA:0,(anonymous_15)
FNDA:5,(anonymous_16)
FNDA:1,(anonymous_17)
FNDA:1,(anonymous_18)
FNDA:1,(anonymous_19)
FNDA:1,(anonymous_20)
FNDA:1,(anonymous_21)
FNDA:5,(anonymous_22)
FNDA:1,djangoRestFrameworkApiMiddleware
DA:1,1
DA:2,1
DA:4,1
DA:5,9
DA:6,9
DA:7,9
DA:9,9
DA:10,8
DA:12,7
DA:13,7
DA:15,7
DA:17,7
DA:18,6
DA:21,7
DA:22,6
DA:24,6
DA:27,7
DA:28,13
DA:31,7
DA:33,1
DA:36,4
DA:39,1
DA:42,1
DA:45,1
DA:48,13
DA:49,13
DA:51,13
DA:52,13
DA:54,6
DA:59,7
DA:62,1
DA:64,9
DA:66,9
DA:67,7
DA:70,7
DA:71,7
DA:74,7
DA:75,7
DA:76,7
DA:78,7
DA:80,7
DA:81,3
DA:82,3
DA:84,0
DA:85,0
DA:89,7
DA:90,3
DA:93,7
DA:94,0
DA:98,7
DA:99,5
DA:102,7
DA:104,1
DA:107,1
DA:110,1
DA:113,1
DA:116,1
DA:119,5
DA:121,5
DA:125,7
DA:128,1
DA:129,1
DA:130,1
DA:131,1
DA:133,1
DA:135,1
DA:138,1
LF:67
LH:64
BRDA:9,1,0,1
BRDA:9,1,1,8
BRDA:10,2,0,1
BRDA:10,2,1,7
BRDA:12,3,0,7
BRDA:12,3,1,6
BRDA:13,4,0,7
BRDA:13,4,1,7
BRDA:48,5,0,13
BRDA:48,5,1,13
BRDA:52,6,0,7
BRDA:52,6,1,6
BRDA:52,7,0,13
BRDA:52,7,1,12
BRDA:52,7,2,12
BRDA:70,8,0,7
BRDA:70,8,1,7
BRDA:71,9,0,7
BRDA:71,9,1,7
BRDA:75,10,0,7
BRDA:75,10,1,7
BRDA:76,11,0,7
BRDA:76,11,1,7
BRDA:78,12,0,0
BRDA:78,12,1,7
BRDA:81,13,0,3
BRDA:81,13,1,0
BRDA:84,14,0,0
BRDA:84,14,1,0
BRDA:129,15,0,1
BRDA:129,15,1,0
BRDA:130,16,0,1
BRDA:130,16,1,0
BRDA:130,16,2,1
BRDA:131,17,0,1
BRDA:131,17,1,0
BRDA:131,17,2,0
BRF:37
BRH:29
end_of_record
