TN:
SF:/custom_poll/custom_modules/ndrf/index.js
FN:4,apiManager
FN:17,(anonymous_2)
FN:27,(anonymous_3)
FN:33,(anonymous_4)
FN:38,(anonymous_5)
FN:41,(anonymous_6)
FN:44,(anonymous_7)
FN:47,(anonymous_8)
FN:50,(anonymous_9)
FN:53,(anonymous_10)
FN:61,(anonymous_11)
FN:72,djangoRestFrameworkManager
FN:90,(anonymous_13)
FN:99,(anonymous_14)
FN:103,(anonymous_15)
FN:108,(anonymous_16)
FN:115,(anonymous_17)
FN:118,(anonymous_18)
FN:121,(anonymous_19)
FN:124,(anonymous_20)
FN:127,(anonymous_21)
FN:130,(anonymous_22)
FN:137,(anonymous_23)
FN:142,(anonymous_24)
FN:145,(anonymous_25)
FN:148,(anonymous_26)
FN:151,(anonymous_27)
FN:154,(anonymous_28)
FN:157,(anonymous_29)
FN:170,djangoRestFrameworkApiMiddleware
FNF:30
FNH:29
FNDA:10,apiManager
FNDA:8,(anonymous_2)
FNDA:8,(anonymous_3)
FNDA:18,(anonymous_4)
FNDA:1,(anonymous_5)
FNDA:4,(anonymous_6)
FNDA:1,(anonymous_7)
FNDA:1,(anonymous_8)
FNDA:1,(anonymous_9)
FNDA:18,(anonymous_10)
FNDA:18,(anonymous_11)
FNDA:10,djangoRestFrameworkManager
FNDA:3,(anonymous_13)
FNDA:3,(anonymous_14)
FNDA:0,(anonymous_15)
FNDA:10,(anonymous_16)
FNDA:1,(anonymous_17)
FNDA:1,(anonymous_18)
FNDA:1,(anonymous_19)
FNDA:1,(anonymous_20)
FNDA:1,(anonymous_21)
FNDA:10,(anonymous_22)
FNDA:3,(anonymous_23)
FNDA:1,(anonymous_24)
FNDA:1,(anonymous_25)
FNDA:1,(anonymous_26)
FNDA:1,(anonymous_27)
FNDA:1,(anonymous_28)
FNDA:5,(anonymous_29)
FNDA:1,djangoRestFrameworkApiMiddleware
DA:1,1
DA:2,1
DA:4,1
DA:5,10
DA:6,10
DA:7,10
DA:9,10
DA:10,9
DA:12,8
DA:13,8
DA:15,8
DA:17,8
DA:18,8
DA:19,8
DA:22,0
DA:27,8
DA:28,8
DA:30,8
DA:33,8
DA:34,18
DA:37,8
DA:39,1
DA:42,4
DA:45,1
DA:48,1
DA:51,1
DA:54,18
DA:55,18
DA:56,18
DA:58,18
DA:59,18
DA:61,18
DA:62,18
DA:64,8
DA:69,8
DA:72,1
DA:74,10
DA:76,10
DA:77,8
DA:80,8
DA:81,8
DA:84,8
DA:85,8
DA:86,8
DA:88,8
DA:90,8
DA:91,3
DA:92,3
DA:94,0
DA:95,0
DA:99,8
DA:100,3
DA:103,8
DA:104,0
DA:108,8
DA:109,10
DA:111,10
DA:114,8
DA:116,1
DA:119,1
DA:122,1
DA:125,1
DA:128,1
DA:131,10
DA:133,10
DA:137,8
DA:138,3
DA:140,2
DA:143,1
DA:146,1
DA:149,1
DA:152,1
DA:155,1
DA:158,5
DA:159,5
DA:160,5
DA:162,5
DA:167,8
DA:170,1
DA:171,1
DA:172,1
DA:173,1
DA:175,1
DA:177,1
DA:180,1
LF:85
LH:81
BRDA:9,1,0,1
BRDA:9,1,1,9
BRDA:10,2,0,1
BRDA:10,2,1,8
BRDA:12,3,0,8
BRDA:12,3,1,7
BRDA:13,4,0,8
BRDA:13,4,1,8
BRDA:54,5,0,18
BRDA:54,5,1,13
BRDA:55,6,0,18
BRDA:55,6,1,18
BRDA:62,7,0,10
BRDA:62,7,1,8
BRDA:62,8,0,18
BRDA:62,8,1,17
BRDA:62,8,2,17
BRDA:80,9,0,8
BRDA:80,9,1,8
BRDA:81,10,0,8
BRDA:81,10,1,8
BRDA:85,11,0,8
BRDA:85,11,1,8
BRDA:86,12,0,8
BRDA:86,12,1,8
BRDA:88,13,0,0
BRDA:88,13,1,8
BRDA:91,14,0,3
BRDA:91,14,1,0
BRDA:94,15,0,0
BRDA:94,15,1,0
BRDA:138,16,0,1
BRDA:138,16,1,2
BRDA:158,17,0,5
BRDA:158,17,1,5
BRDA:159,18,0,5
BRDA:159,18,1,5
BRDA:171,19,0,1
BRDA:171,19,1,0
BRDA:172,20,0,1
BRDA:172,20,1,0
BRDA:172,20,2,1
BRDA:173,21,0,1
BRDA:173,21,1,0
BRDA:173,21,2,0
BRF:45
BRH:37
end_of_record
